<?xml version="1.0" encoding="UTF-8"?>
<testng-results ignored="0" total="1" passed="1" failed="0" skipped="0">
  <reporter-output>
  </reporter-output>
  <suite started-at="2022-02-17T11:02:50Z" name="Default suite" finished-at="2022-02-17T11:04:25Z" duration-ms="95418">
    <groups>
    </groups>
    <test started-at="2022-02-17T11:02:50Z" name="Default test" finished-at="2022-02-17T11:04:25Z" duration-ms="95418">
      <class name="com.automationtask.testcases.UserJourney">
        <test-method is-config="true" signature="setup()[pri:0, instance:com.automationtask.testcases.UserJourney@5a1de7fb]" started-at="2022-02-17T11:02:50Z" name="setup" finished-at="2022-02-17T11:02:53Z" duration-ms="2999" status="PASS">
          <reporter-output>
          </reporter-output>
        </test-method> <!-- setup -->
        <test-method signature="purchase()[pri:0, instance:com.automationtask.testcases.UserJourney@5a1de7fb]" started-at="2022-02-17T11:02:53Z" name="purchase" finished-at="2022-02-17T11:04:24Z" duration-ms="91415" status="PASS">
          <reporter-output>
          </reporter-output>
        </test-method> <!-- purchase -->
        <test-method is-config="true" signature="tearDown()[pri:0, instance:com.automationtask.testcases.UserJourney@5a1de7fb]" started-at="2022-02-17T11:04:24Z" name="tearDown" finished-at="2022-02-17T11:04:25Z" duration-ms="979" status="PASS">
          <reporter-output>
          </reporter-output>
        </test-method> <!-- tearDown -->
      </class> <!-- com.automationtask.testcases.UserJourney -->
    </test> <!-- Default test -->
  </suite> <!-- Default suite -->
</testng-results>
